2026-04-13 23:00:59 [INFO] ==================================================
2026-04-13 23:00:59 [INFO] DriverDoktor ELINDITVA
2026-04-13 23:00:59 [INFO] Futtatasi konyvtar: C:\Users\ego\Desktop\Driver_pucolo_szerviztool\dist
2026-04-13 23:00:59 [INFO] ==================================================
2026-04-13 23:00:59 [INFO] [INIT] DriverToolApi inicializálás...
2026-04-13 23:00:59 [INFO] [INIT] sys_drive=C:\
2026-04-13 23:00:59 [INFO] [INIT] DriverToolApi kész.
2026-04-13 23:00:59 [INFO] [WINDOW] WebView ablak beállítása...
2026-04-13 23:01:00 [INFO] [API] get_init_data() hívás - build=53, target=None
2026-04-13 23:01:00 [INFO] [WINDOW] WebView2 DOM kész (1 próba után)
2026-04-13 23:01:00 [INFO] [API] load_drivers(all_drivers=False)
2026-04-13 23:01:00 [DEBUG] [EMIT:drivers_loading] data=None
2026-04-13 23:01:00 [INFO] [DRIVERS] Third-party driverek lekérdezés
2026-04-13 23:01:00 [DEBUG] [DRIVERS] pnputil /enum-drivers futtatása...
2026-04-13 23:01:00 [DEBUG] [CMD] Futtatás: pnputil /enum-drivers
2026-04-13 23:01:00 [DEBUG] [CMD] OK (0.0s)
2026-04-13 23:01:00 [INFO] [DRIVERS] Betöltve: 20 driver (0.0s)
2026-04-13 23:01:00 [DEBUG] [EMIT:drivers_loaded] data={"drivers": [{"published": "oem4.inf", "original": "amdgpio2.inf", "provider": "Advanced Micro Devices, Inc", "class": "System", "version": "09/29/2019 2.2.0.121"}, {"published": "oem2.inf", "original
2026-04-13 23:01:13 [INFO] [API] check_wu_status()
2026-04-13 23:01:13 [DEBUG] [WU_STATUS] ExcludeWUDriversInQualityUpdate = 1
2026-04-13 23:01:13 [DEBUG] [WU_STATUS] SearchOrderConfig = 0
2026-04-13 23:01:13 [INFO] [WU_STATUS] Eredmény: Teljesen LETILTVA
2026-04-13 23:03:12 [INFO] ==================================================
2026-04-13 23:03:12 [INFO] DriverDoktor ELINDITVA
2026-04-13 23:03:12 [INFO] Futtatasi konyvtar: C:\Users\ego\Desktop\Driver_pucolo_szerviztool\dist
2026-04-13 23:03:12 [INFO] ==================================================
2026-04-13 23:03:12 [INFO] [INIT] DriverToolApi inicializálás...
2026-04-13 23:03:12 [INFO] [INIT] sys_drive=C:\
2026-04-13 23:03:12 [INFO] [INIT] DriverToolApi kész.
2026-04-13 23:03:13 [INFO] [WINDOW] WebView ablak beállítása...
2026-04-13 23:03:13 [INFO] [API] get_init_data() hívás - build=53, target=None
2026-04-13 23:03:13 [INFO] [WINDOW] WebView2 DOM kész (1 próba után)
2026-04-13 23:03:13 [INFO] [API] load_drivers(all_drivers=False)
2026-04-13 23:03:13 [DEBUG] [EMIT:drivers_loading] data=None
2026-04-13 23:03:13 [INFO] [DRIVERS] Third-party driverek lekérdezés
2026-04-13 23:03:13 [DEBUG] [DRIVERS] pnputil /enum-drivers futtatása...
2026-04-13 23:03:13 [DEBUG] [CMD] Futtatás: pnputil /enum-drivers
2026-04-13 23:03:13 [DEBUG] [CMD] OK (0.0s)
2026-04-13 23:03:13 [INFO] [DRIVERS] Betöltve: 20 driver (0.0s)
2026-04-13 23:03:13 [DEBUG] [EMIT:drivers_loaded] data={"drivers": [{"published": "oem4.inf", "original": "amdgpio2.inf", "provider": "Advanced Micro Devices, Inc", "class": "System", "version": "09/29/2019 2.2.0.121"}, {"published": "oem2.inf", "original
